#
# There is insufficient memory for the Java Runtime Environment to continue.
# Native memory allocation (mmap) failed to map 264241152 bytes for G1 virtual space
# Possible reasons:
#   The system is out of physical RAM or swap space
#   The process is running with CompressedOops enabled, and the Java Heap may be blocking the growth of the native heap
# Possible solutions:
#   Reduce memory load on the system
#   Increase physical memory or swap space
#   Check if swap backing store is full
#   Decrease Java heap size (-Xmx/-Xms)
#   Decrease number of Java threads
#   Decrease Java thread stack sizes (-Xss)
#   Set larger code cache with -XX:ReservedCodeCacheSize=
#   JVM is running with Zero Based Compressed Oops mode in which the Java heap is
#     placed in the first 32GB address space. The Java Heap base address is the
#     maximum limit for the native heap growth. Please use -XX:HeapBaseMinAddress
#     to set the Java Heap base and to place the Java Heap above 32GB virtual address.
# This output file may be truncated or incomplete.
#
#  Out of Memory Error (os_windows.cpp:3530), pid=11500, tid=39072
#
# JRE version:  (18.0.2.1+1) (build )
# Java VM: Java HotSpot(TM) 64-Bit Server VM (18.0.2.1+1-1, mixed mode, sharing, tiered, compressed oops, compressed class ptrs, g1 gc, windows-amd64)
# No core dump will be written. Minidumps are not enabled by default on client versions of Windows
#

---------------  S U M M A R Y ------------

Command Line: -Dfile.encoding=UTF-8 -XX:+ShowCodeDetailsInExceptionMessages com.nestjavatraining.utility.ProductUtility

Host: 11th Gen Intel(R) Core(TM) i5-1135G7 @ 2.40GHz, 8 cores, 15G,  Windows 10 , 64 bit Build 19041 (10.0.19041.1865)
Time: Sun Feb 19 15:39:21 2023 India Standard Time elapsed time: 0.023402 seconds (0d 0h 0m 0s)

---------------  T H R E A D  ---------------

Current thread (0x000001d1f31741c0):  JavaThread "Unknown thread" [_thread_in_vm, id=39072, stack(0x0000007d39800000,0x0000007d39900000)]

Stack: [0x0000007d39800000,0x0000007d39900000]
Native frames: (J=compiled Java code, j=interpreted, Vv=VM code, C=native code)
V  [jvm.dll+0x6993aa]
V  [jvm.dll+0x7f46dd]
V  [jvm.dll+0x7f5fee]
V  [jvm.dll+0x7f66a3]
V  [jvm.dll+0x25cf1f]
V  [jvm.dll+0x6962f9]
V  [jvm.dll+0x68ae2a]
V  [jvm.dll+0x32255b]
V  [jvm.dll+0x329f36]
V  [jvm.dll+0x37eade]
V  [jvm.dll+0x37ed0f]
V  [jvm.dll+0x2fa2da]
V  [jvm.dll+0x2fb33d]
V  [jvm.dll+0x7c3310]
V  [jvm.dll+0x38be61]
V  [jvm.dll+0x7a2023]
V  [jvm.dll+0x40dc3f]
V  [jvm.dll+0x40f611]
C  [jli.dll+0x526b]
C  [ucrtbase.dll+0x21bb2]
C  [KERNEL32.dll+0x17034]
C  [ntdll.dll+0x52651]


---------------  P R O C E S S  ---------------

Threads class SMR info:
_java_thread_list=0x00007ffba8cfe550, length=0, elements={
}

Java Threads: ( => current thread )

Other Threads:
  0x000001d1f31e2650 WorkerThread "GC Thread#0" [stack: 0x0000007d39900000,0x0000007d39a00000] [id=14536]
  0x000001d1f31f4190 ConcurrentGCThread "G1 Main Marker" [stack: 0x0000007d39a00000,0x0000007d39b00000] [id=18636]
  0x000001d1f31f6ba0 WorkerThread "G1 Conc#0" [stack: 0x0000007d39b00000,0x0000007d39c00000] [id=20556]

[error occurred during error reporting (printing all threads), id 0xc0000005, EXCEPTION_ACCESS_VIOLATION (0xc0000005) at pc=0x00007ffba852a877]

VM state: not at safepoint (not fully initialized)

VM Mutex/Monitor currently owned by a thread:  ([mutex/lock_event])
[0x000001d1f316fc90] Heap_lock - owner thread: 0x000001d1f31741c0

Heap address: 0x0000000704000000, size: 4032 MB, Compressed Oops mode: Zero based, Oop shift amount: 3

CDS archive(s) mapped at: [0x0000000000000000-0x0000000000000000-0x0000000000000000), size 0, SharedBaseAddress: 0x0000000800000000, ArchiveRelocationMode: 0.
Narrow klass base: 0x0000000000000000, Narrow klass shift: 0, Narrow klass range: 0x0

GC Precious Log:
 CardTable entry size: 512
 Card Set container configuration: InlinePtr #cards 4 size 8 Array Of Cards #cards 16 size 48 Howl #buckets 8 coarsen threshold 3686 Howl Bitmap #cards 512 size 80 coarsen threshold 460 Card regions per heap region 1 cards per card region 4096

Heap:
 garbage-first heap   total 0K, used 0K [0x0000000704000000, 0x0000000800000000)
  region size 2048K, 0 young (0K), 0 survivors (0K)

[error occurred during error reporting (printing heap information), id 0xc0000005, EXCEPTION_ACCESS_VIOLATION (0xc0000005) at pc=0x00007ffba8911839]

GC Heap History (0 events):
No events

Deoptimization events (0 events):
No events

Classes loaded (0 events):
No events

Classes unloaded (0 events):
No events

Classes redefined (0 events):
No events

Internal exceptions (0 events):
No events

VM Operations (0 events):
No events

Events (1 events):
Event: 0.016 Loaded shared library C:\Program Files\Java\jdk-18.0.2.1\bin\java.dll


Dynamic libraries:
0x00007ff650d30000 - 0x00007ff650d40000 	C:\Program Files\Java\jdk-18.0.2.1\bin\javaw.exe
0x00007ffc27090000 - 0x00007ffc27288000 	C:\Windows\SYSTEM32\ntdll.dll
0x00007ffc26040000 - 0x00007ffc260fd000 	C:\Windows\System32\KERNEL32.dll
0x00007ffc24450000 - 0x00007ffc24551000 	C:\Windows\system32\hmpalert.dll
0x00007ffc24a90000 - 0x00007ffc24d5f000 	C:\Windows\System32\KERNELBASE.dll
0x00007ffc24d60000 - 0x00007ffc24e60000 	C:\Windows\System32\ucrtbase.dll
0x00007ffbea670000 - 0x00007ffbea688000 	C:\Program Files\Java\jdk-18.0.2.1\bin\jli.dll
0x00007ffc26230000 - 0x00007ffc262de000 	C:\Windows\System32\ADVAPI32.dll
0x00007ffbe9830000 - 0x00007ffbe984a000 	C:\Program Files\Java\jdk-18.0.2.1\bin\VCRUNTIME140.dll
0x00007ffc25250000 - 0x00007ffc252ee000 	C:\Windows\System32\msvcrt.dll
0x00007ffc25d50000 - 0x00007ffc25dec000 	C:\Windows\System32\sechost.dll
0x00007ffc26ec0000 - 0x00007ffc26fe5000 	C:\Windows\System32\RPCRT4.dll
0x00007ffc25df0000 - 0x00007ffc25f90000 	C:\Windows\System32\USER32.dll
0x00007ffc24a60000 - 0x00007ffc24a82000 	C:\Windows\System32\win32u.dll
0x00007ffc262e0000 - 0x00007ffc2630a000 	C:\Windows\System32\GDI32.dll
0x00007ffc24ef0000 - 0x00007ffc24ffb000 	C:\Windows\System32\gdi32full.dll
0x00007ffc249c0000 - 0x00007ffc24a5d000 	C:\Windows\System32\msvcp_win.dll
0x00007ffc170d0000 - 0x00007ffc1736a000 	C:\Windows\WinSxS\amd64_microsoft.windows.common-controls_6595b64144ccf1df_6.0.19041.1110_none_60b5254171f9507e\COMCTL32.dll
0x00007ffc1bda0000 - 0x00007ffc1bdaa000 	C:\Windows\SYSTEM32\VERSION.dll
0x00007ffc25ab0000 - 0x00007ffc25ae0000 	C:\Windows\System32\IMM32.DLL
0x00007ffc17460000 - 0x00007ffc1746c000 	C:\Program Files\Java\jdk-18.0.2.1\bin\vcruntime140_1.dll
0x00007ffbd7840000 - 0x00007ffbd78cd000 	C:\Program Files\Java\jdk-18.0.2.1\bin\msvcp140.dll
0x00007ffba8220000 - 0x00007ffba8e31000 	C:\Program Files\Java\jdk-18.0.2.1\bin\server\jvm.dll
0x00007ffc25a40000 - 0x00007ffc25a48000 	C:\Windows\System32\PSAPI.DLL
0x00007ffbf8d10000 - 0x00007ffbf8d37000 	C:\Windows\SYSTEM32\WINMM.dll
0x00007ffc1c4a0000 - 0x00007ffc1c4a9000 	C:\Windows\SYSTEM32\WSOCK32.dll
0x00007ffc259d0000 - 0x00007ffc25a3b000 	C:\Windows\System32\WS2_32.dll
0x00007ffc22e20000 - 0x00007ffc22e32000 	C:\Windows\SYSTEM32\kernel.appcore.dll
0x00007ffc17030000 - 0x00007ffc1703a000 	C:\Program Files\Java\jdk-18.0.2.1\bin\jimage.dll
0x00007ffc22ab0000 - 0x00007ffc22c94000 	C:\Windows\SYSTEM32\DBGHELP.DLL
0x00007ffc17ca0000 - 0x00007ffc17ccc000 	C:\Windows\SYSTEM32\dbgcore.DLL
0x00007ffc24e60000 - 0x00007ffc24ee2000 	C:\Windows\System32\bcryptPrimitives.dll
0x00007ffbe3680000 - 0x00007ffbe36a5000 	C:\Program Files\Java\jdk-18.0.2.1\bin\java.dll

dbghelp: loaded successfully - version: 4.0.5 - missing functions: none
symbol engine: initialized successfully - sym options: 0x614 - pdb path: .;C:\Program Files\Java\jdk-18.0.2.1\bin;C:\Windows\SYSTEM32;C:\Windows\WinSxS\amd64_microsoft.windows.common-controls_6595b64144ccf1df_6.0.19041.1110_none_60b5254171f9507e;C:\Program Files\Java\jdk-18.0.2.1\bin\server

VM Arguments:
jvm_args: -Dfile.encoding=UTF-8 -XX:+ShowCodeDetailsInExceptionMessages 
java_command: com.nestjavatraining.utility.ProductUtility
java_class_path (initial): D:\Java\Nest_Day6_Assignment_DAOConnectionPool\bin;D:\Java\Nest_Day6_Assignment_DAOConnectionPool\lib\mchange-commons-java-0.2.11.jar;D:\Java\Nest_Day6_Assignment_DAOConnectionPool\lib\c3p0-0.9.5.2.jar;D:\Java\Nest_Day6_Assignment_DAOConnectionPool\lib\mysql-connector-java-8.0.30.jar
Launcher Type: SUN_STANDARD

[Global flags]
     intx CICompilerCount                          = 4                                         {product} {ergonomic}
     uint ConcGCThreads                            = 2                                         {product} {ergonomic}
     uint G1ConcRefinementThreads                  = 8                                         {product} {ergonomic}
   size_t G1HeapRegionSize                         = 2097152                                   {product} {ergonomic}
    uintx GCDrainStackTargetSize                   = 64                                        {product} {ergonomic}
   size_t InitialHeapSize                          = 264241152                                 {product} {ergonomic}
   size_t MarkStackSize                            = 4194304                                   {product} {ergonomic}
   size_t MaxHeapSize                              = 4227858432                                {product} {ergonomic}
   size_t MinHeapDeltaBytes                        = 2097152                                   {product} {ergonomic}
   size_t MinHeapSize                              = 8388608                                   {product} {ergonomic}
    uintx NonNMethodCodeHeapSize                   = 5839372                                {pd product} {ergonomic}
    uintx NonProfiledCodeHeapSize                  = 122909434                              {pd product} {ergonomic}
    uintx ProfiledCodeHeapSize                     = 122909434                              {pd product} {ergonomic}
    uintx ReservedCodeCacheSize                    = 251658240                              {pd product} {ergonomic}
     bool SegmentedCodeCache                       = true                                      {product} {ergonomic}
     bool ShowCodeDetailsInExceptionMessages       = true                                   {manageable} {command line}
   size_t SoftMaxHeapSize                          = 4227858432                             {manageable} {ergonomic}
     bool UseCompressedClassPointers               = true                           {product lp64_product} {ergonomic}
     bool UseCompressedOops                        = true                           {product lp64_product} {ergonomic}
     bool UseG1GC                                  = true                                      {product} {ergonomic}
     bool UseLargePagesIndividualAllocation        = false                                  {pd product} {ergonomic}

Logging:
Log output configuration:
 #0: stdout all=warning uptime,level,tags foldmultilines=false
 #1: stderr all=off uptime,level,tags foldmultilines=false

Environment Variables:
PATH=C:\Program Files\Common Files\Oracle\Java\javapath;C:\Windows\system32;C:\Windows;C:\Windows\System32\Wbem;C:\Windows\System32\WindowsPowerShell\v1.0\;C:\Windows\System32\OpenSSH\;C:\Program Files\dotnet\;C:\Program Files\TortoiseSVN\bin;C:\Program Files\Git\cmd;C:\Program Files\nodejs\;C:\Users\Amarnath\AppData\Local\Microsoft\WindowsApps;C:\Users\Amarnath\AppData\Local\Programs\Microsoft VS Code\bin;C:\Users\Amarnath\AppData\Local\GitHubDesktop\bin;C:\Users\Amarnath\AppData\Roaming\npm
USERNAME=Amarnath
OS=Windows_NT
PROCESSOR_IDENTIFIER=Intel64 Family 6 Model 140 Stepping 1, GenuineIntel



---------------  S Y S T E M  ---------------

OS:
 Windows 10 , 64 bit Build 19041 (10.0.19041.1865)
OS uptime: 66 days 5:47 hours

CPU: total 8 (initial active 8) (4 cores per cpu, 2 threads per core) family 6 model 140 stepping 1 microcode 0xa4, cx8, cmov, fxsr, ht, mmx, 3dnowpref, sse, sse2, sse3, ssse3, sse4.1, sse4.2, popcnt, lzcnt, tsc, tscinvbit, avx, avx2, aes, erms, clmul, bmi1, bmi2, adx, avx512f, avx512dq, avx512cd, avx512bw, avx512vl, sha, fma, vzeroupper, avx512_vpopcntdq, avx512_vpclmulqdq, avx512_vaes, avx512_vnni, clflush, clflushopt, clwb, avx512_vbmi2, avx512_vbmi

Memory: 4k page, system-wide physical 16122M (3411M free)
TotalPageFile size 41756M (AvailPageFile size 119M)
current process WorkingSet (physical memory assigned to process): 11M, peak: 11M
current process commit charge ("private bytes"): 62M, peak: 314M

vm_info: Java HotSpot(TM) 64-Bit Server VM (18.0.2.1+1-1) for windows-amd64 JRE (18.0.2.1+1-1), built on Aug 16 2022 01:46:33 by "mach5one" with MS VC++ 16.8 / 16.9 (VS2019)

END.
